  ui.cpp
  tutorial.cpp
  title.cpp
  swordeffect.cpp
  spesialattackeffect.cpp
  spark.cpp
  sound.cpp
  slash.cpp
  skybox.cpp
  scene3d.cpp
  scene2d.cpp
  scene.cpp
  result.cpp
  renderer.cpp
  player.cpp
c:\users\student\desktop\就職活動に使うもの\itou-yougo\吉田学園情報ビジネス専門学校_伊藤陽梧\02_3dgame\02_開発環境\3dgame\player.cpp(188): warning C4244: '初期化中': 'double' から 'float' への変換です。データが失われる可能性があります。
  particle.cpp
  number.cpp
  motion.cpp
  model.cpp
  mode.cpp
  コードを生成中...
  コンパイル中...
  map.cpp
  manager.cpp
  main.cpp
  magiccircle.cpp
  loadmodeldata.cpp
  light.cpp
  keyboard.cpp
  joystick.cpp
  input.cpp
  gameover.cpp
  game.cpp
  fire.cpp
  fade.cpp
  enemyremainder.cpp
  enemy.cpp
  debugcollision.cpp
  collision.cpp
  character.cpp
  camera.cpp
  billboard.cpp
  コードを生成中...
  3Dgame.vcxproj -> C:\Users\student\Desktop\就職活動に使うもの\itou-yougo\吉田学園情報ビジネス専門学校_伊藤陽梧\02_3Dgame\02_開発環境\Debug\3Dgame.exe
  3Dgame.vcxproj -> C:\Users\student\Desktop\就職活動に使うもの\itou-yougo\吉田学園情報ビジネス専門学校_伊藤陽梧\02_3Dgame\02_開発環境\Debug\3Dgame.pdb (Full PDB)
