  tutroial.cpp
  titlelogo.cpp
  title.cpp
  text.cpp
  sound.cpp
  select.cpp
  scene2d.cpp
  scene.cpp
  renderer.cpp
  player2.cpp
  player.cpp
  ojamaplayer2.cpp
  ojamaplayer.cpp
  manager.cpp
  main.cpp
  lifepolygon.cpp
  life.cpp
  input.cpp
  gauge.cpp
  gattyann.cpp
  コードを生成中...
  コンパイル中...
  game.cpp
  fade.cpp
  extraattack.cpp
  explosion.cpp
  enemyexplosion.cpp
  enemy.cpp
  effect.cpp
  chargeshot.cpp
  charge.cpp
  bullet.cpp
  bossattack.cpp
  bombexplosion.cpp
  bomb.cpp
  bg.cpp
  コードを生成中...
  StarGlitter.vcxproj -> c:\users\student\documents\visual studio 2015\Projects\StarGlitter\Debug\StarGlitter.exe
  StarGlitter.vcxproj -> c:\users\student\documents\visual studio 2015\Projects\StarGlitter\Debug\StarGlitter.pdb (Full PDB)
