c:\users\student\documents\visual studio 2015\projects\shooting score\shooting score\debug\vc140.pdb
c:\users\student\documents\visual studio 2015\projects\shooting score\shooting score\debug\vc140.idb
c:\users\student\documents\visual studio 2015\projects\shooting score\shooting score\debug\main.obj
c:\users\student\documents\visual studio 2015\projects\shooting score\shooting score\debug\manager.obj
c:\users\student\documents\visual studio 2015\projects\shooting score\shooting score\debug\mode.obj
c:\users\student\documents\visual studio 2015\projects\shooting score\shooting score\debug\number.obj
c:\users\student\documents\visual studio 2015\projects\shooting score\shooting score\debug\ojamaplayer2.obj
c:\users\student\documents\visual studio 2015\projects\shooting score\shooting score\debug\ojamaplayer.obj
c:\users\student\documents\visual studio 2015\projects\shooting score\shooting score\debug\player.obj
c:\users\student\documents\visual studio 2015\projects\shooting score\shooting score\debug\player2.obj
c:\users\student\documents\visual studio 2015\projects\shooting score\shooting score\debug\charge.obj
c:\users\student\documents\visual studio 2015\projects\shooting score\shooting score\debug\renderer.obj
c:\users\student\documents\visual studio 2015\projects\shooting score\shooting score\debug\result.obj
c:\users\student\documents\visual studio 2015\projects\shooting score\shooting score\debug\scene.obj
c:\users\student\documents\visual studio 2015\projects\shooting score\shooting score\debug\scene2d.obj
c:\users\student\documents\visual studio 2015\projects\shooting score\shooting score\debug\score.obj
c:\users\student\documents\visual studio 2015\projects\shooting score\shooting score\debug\select.obj
c:\users\student\documents\visual studio 2015\projects\shooting score\shooting score\debug\sound.obj
c:\users\student\documents\visual studio 2015\projects\shooting score\shooting score\debug\text.obj
c:\users\student\documents\visual studio 2015\projects\shooting score\shooting score\debug\title.obj
c:\users\student\documents\visual studio 2015\projects\shooting score\shooting score\debug\titlelogo.obj
c:\users\student\documents\visual studio 2015\projects\shooting score\shooting score\debug\tutroial.obj
c:\users\student\documents\visual studio 2015\projects\shooting score\shooting score\debug\bg.obj
c:\users\student\documents\visual studio 2015\projects\shooting score\shooting score\debug\bomb.obj
c:\users\student\documents\visual studio 2015\projects\shooting score\shooting score\debug\bombexplosion.obj
c:\users\student\documents\visual studio 2015\projects\shooting score\shooting score\debug\bossattack.obj
c:\users\student\documents\visual studio 2015\projects\shooting score\shooting score\debug\bullet.obj
c:\users\student\documents\visual studio 2015\projects\shooting score\shooting score\debug\chargeshot.obj
c:\users\student\documents\visual studio 2015\projects\shooting score\shooting score\debug\controller.obj
c:\users\student\documents\visual studio 2015\projects\shooting score\shooting score\debug\effect.obj
c:\users\student\documents\visual studio 2015\projects\shooting score\shooting score\debug\enemy.obj
c:\users\student\documents\visual studio 2015\projects\shooting score\shooting score\debug\enemyexplosion.obj
c:\users\student\documents\visual studio 2015\projects\shooting score\shooting score\debug\explosion.obj
c:\users\student\documents\visual studio 2015\projects\shooting score\shooting score\debug\extraattack.obj
c:\users\student\documents\visual studio 2015\projects\shooting score\shooting score\debug\fade.obj
c:\users\student\documents\visual studio 2015\projects\shooting score\shooting score\debug\game.obj
c:\users\student\documents\visual studio 2015\projects\shooting score\shooting score\debug\gattyann.obj
c:\users\student\documents\visual studio 2015\projects\shooting score\shooting score\debug\gauge.obj
c:\users\student\documents\visual studio 2015\projects\shooting score\shooting score\debug\life.obj
c:\users\student\documents\visual studio 2015\projects\shooting score\shooting score\debug\input.obj
c:\users\student\documents\visual studio 2015\projects\shooting score\shooting score\debug\inputkeyboard.obj
c:\users\student\documents\visual studio 2015\projects\shooting score\shooting score\debug\lifepolygon.obj
c:\users\student\documents\visual studio 2015\projects\shooting score\shooting score\debug\barrier.obj
c:\users\student\documents\visual studio 2015\projects\shooting score\debug\shooting score.ilk
c:\users\student\documents\visual studio 2015\projects\shooting score\debug\shooting score.exe
c:\users\student\documents\visual studio 2015\projects\shooting score\debug\shooting score.pdb
c:\users\student\documents\visual studio 2015\projects\shooting score\shooting score\debug\shooting score.tlog\cl.command.1.tlog
c:\users\student\documents\visual studio 2015\projects\shooting score\shooting score\debug\shooting score.tlog\cl.read.1.tlog
c:\users\student\documents\visual studio 2015\projects\shooting score\shooting score\debug\shooting score.tlog\cl.write.1.tlog
c:\users\student\documents\visual studio 2015\projects\shooting score\shooting score\debug\shooting score.tlog\link.command.1.tlog
c:\users\student\documents\visual studio 2015\projects\shooting score\shooting score\debug\shooting score.tlog\link.read.1.tlog
c:\users\student\documents\visual studio 2015\projects\shooting score\shooting score\debug\shooting score.tlog\link.write.1.tlog
